android/shopkeeper/build/intermediates/manifest_merge_blame_file/debug/processDebugMainManifest/manifest-merger-blame-debug-report.txt
1<?xml version="1.0" encoding="utf-8"?>
2<manifest xmlns:android="http://schemas.android.com/apk/res/android"
3    package="com.bazarlink.shopkeeper"
4    android:versionCode="1"
5    android:versionName="1.0.0" >
6
7    <uses-sdk
8        android:minSdkVersion="26"
9        android:targetSdkVersion="35" />
10
11    <uses-permission android:name="android.permission.INTERNET" />
11-->src\main\AndroidManifest.xml:2:5-67
11-->src\main\AndroidManifest.xml:2:22-64
12    <uses-permission android:name="android.permission.CAMERA" />
12-->src\main\AndroidManifest.xml:3:5-65
12-->src\main\AndroidManifest.xml:3:22-62
13
14    <uses-feature
14-->src\main\AndroidManifest.xml:4:5-85
15        android:name="android.hardware.camera"
15-->src\main\AndroidManifest.xml:4:19-57
16        android:required="false" />
16-->src\main\AndroidManifest.xml:4:58-82
17
18    <uses-permission android:name="android.permission.ACCESS_NETWORK_STATE" />
18-->[com.google.firebase:firebase-auth:24.1.0] AndroidManifest.xml:26:5-79
18-->[com.google.firebase:firebase-auth:24.1.0] AndroidManifest.xml:26:22-76
19    <uses-permission android:name="android.permission.POST_NOTIFICATIONS" />
19-->[com.google.firebase:firebase-messaging:25.0.2] AndroidManifest.xml:23:5-77
19-->[com.google.firebase:firebase-messaging:25.0.2] AndroidManifest.xml:23:22-74
20    <uses-permission android:name="android.permission.WAKE_LOCK" /> <!-- Required by older versions of Google Play services to create IID tokens -->
20-->[com.google.firebase:firebase-messaging:25.0.2] AndroidManifest.xml:24:5-68
20-->[com.google.firebase:firebase-messaging:25.0.2] AndroidManifest.xml:24:22-65
21    <uses-permission android:name="com.google.android.c2dm.permission.RECEIVE" />
21-->[com.google.firebase:firebase-messaging:25.0.2] AndroidManifest.xml:26:5-82
21-->[com.google.firebase:firebase-messaging:25.0.2] AndroidManifest.xml:26:22-79
22    <uses-permission android:name="com.google.android.gms.permission.AD_ID" />
22-->[com.google.android.gms:play-services-measurement-api:23.2.0] AndroidManifest.xml:25:5-79
22-->[com.google.android.gms:play-services-measurement-api:23.2.0] AndroidManifest.xml:25:22-76
23    <uses-permission android:name="android.permission.ACCESS_ADSERVICES_ATTRIBUTION" />
23-->[com.google.android.gms:play-services-measurement-api:23.2.0] AndroidManifest.xml:26:5-88
23-->[com.google.android.gms:play-services-measurement-api:23.2.0] AndroidManifest.xml:26:22-85
24    <uses-permission android:name="android.permission.ACCESS_ADSERVICES_AD_ID" />
24-->[com.google.android.gms:play-services-measurement-api:23.2.0] AndroidManifest.xml:27:5-82
24-->[com.google.android.gms:play-services-measurement-api:23.2.0] AndroidManifest.xml:27:22-79
25
26    <uses-feature
26-->[com.google.android.gms:play-services-maps:19.0.0] AndroidManifest.xml:26:5-28:35
27        android:glEsVersion="0x00020000"
27-->[com.google.android.gms:play-services-maps:19.0.0] AndroidManifest.xml:27:9-41
28        android:required="true" />
28-->[com.google.android.gms:play-services-maps:19.0.0] AndroidManifest.xml:28:9-32
29
30    <queries>
30-->[com.google.android.gms:play-services-maps:19.0.0] AndroidManifest.xml:30:5-34:15
31
32        <!-- Needs to be explicitly declared on Android R+ -->
33        <package android:name="com.google.android.apps.maps" />
33-->[com.google.android.gms:play-services-maps:19.0.0] AndroidManifest.xml:33:9-64
33-->[com.google.android.gms:play-services-maps:19.0.0] AndroidManifest.xml:33:18-61
34    </queries>
35
36    <uses-permission android:name="com.google.android.finsky.permission.BIND_GET_INSTALL_REFERRER_SERVICE" />
36-->[com.google.android.gms:play-services-measurement:23.2.0] AndroidManifest.xml:26:5-110
36-->[com.google.android.gms:play-services-measurement:23.2.0] AndroidManifest.xml:26:22-107
37    <uses-permission android:name="com.google.android.providers.gsf.permission.READ_GSERVICES" />
37-->[com.google.android.recaptcha:recaptcha:18.6.1] AndroidManifest.xml:9:5-98
37-->[com.google.android.recaptcha:recaptcha:18.6.1] AndroidManifest.xml:9:22-95
38
39    <permission
39-->[androidx.core:core:1.13.0] AndroidManifest.xml:22:5-24:47
40        android:name="com.bazarlink.shopkeeper.DYNAMIC_RECEIVER_NOT_EXPORTED_PERMISSION"
40-->[androidx.core:core:1.13.0] AndroidManifest.xml:23:9-81
41        android:protectionLevel="signature" />
41-->[androidx.core:core:1.13.0] AndroidManifest.xml:24:9-44
42
43    <uses-permission android:name="com.bazarlink.shopkeeper.DYNAMIC_RECEIVER_NOT_EXPORTED_PERMISSION" />
43-->[androidx.core:core:1.13.0] AndroidManifest.xml:26:5-97
43-->[androidx.core:core:1.13.0] AndroidManifest.xml:26:22-94
44
45    <application
45-->src\main\AndroidManifest.xml:5:5-20:19
46        android:appComponentFactory="androidx.core.app.CoreComponentFactory"
46-->[androidx.core:core:1.13.0] AndroidManifest.xml:28:18-86
47        android:debuggable="true"
48        android:extractNativeLibs="false"
49        android:icon="@mipmap/ic_launcher"
49-->src\main\AndroidManifest.xml:5:94-128
50        android:label="BazarLink Shopkeeper"
50-->src\main\AndroidManifest.xml:5:57-93
51        android:roundIcon="@mipmap/ic_launcher_round"
51-->src\main\AndroidManifest.xml:5:129-174
52        android:theme="@style/Theme.BazarLink" >
52-->src\main\AndroidManifest.xml:5:18-56
53        <activity
53-->src\main\AndroidManifest.xml:6:9-11:20
54            android:name="com.bazarlink.shopkeeper.MainActivity"
54-->src\main\AndroidManifest.xml:6:19-47
55            android:exported="true" >
55-->src\main\AndroidManifest.xml:6:48-71
56            <intent-filter>
56-->src\main\AndroidManifest.xml:7:13-10:29
57                <action android:name="android.intent.action.MAIN" />
57-->src\main\AndroidManifest.xml:8:17-69
57-->src\main\AndroidManifest.xml:8:25-66
58
59                <category android:name="android.intent.category.LAUNCHER" />
59-->src\main\AndroidManifest.xml:9:17-77
59-->src\main\AndroidManifest.xml:9:27-74
60            </intent-filter>
61        </activity>
62        <activity
62-->src\main\AndroidManifest.xml:12:9-117
63            android:name="com.bazarlink.shared.inventory.InventoryScannerActivity"
63-->src\main\AndroidManifest.xml:12:19-89
64            android:exported="false" />
64-->src\main\AndroidManifest.xml:12:90-114
65        <activity
65-->src\main\AndroidManifest.xml:13:9-115
66            android:name="com.bazarlink.shared.inventory.BarcodeScannerActivity"
66-->src\main\AndroidManifest.xml:13:19-87
67            android:exported="false" />
67-->src\main\AndroidManifest.xml:13:88-112
68        <activity
68-->src\main\AndroidManifest.xml:14:9-114
69            android:name="com.bazarlink.shared.inventory.LabelTextScanActivity"
69-->src\main\AndroidManifest.xml:14:19-86
70            android:exported="false" />
70-->src\main\AndroidManifest.xml:14:87-111
71
72        <service
72-->src\main\AndroidManifest.xml:15:9-19:19
73            android:name="com.bazarlink.shared.notifications.BazarMessagingService"
73-->src\main\AndroidManifest.xml:15:18-89
74            android:exported="false" >
74-->src\main\AndroidManifest.xml:15:90-114
75            <intent-filter>
75-->src\main\AndroidManifest.xml:16:13-18:29
76                <action android:name="com.google.firebase.MESSAGING_EVENT" />
76-->src\main\AndroidManifest.xml:17:17-78
76-->src\main\AndroidManifest.xml:17:25-75
77            </intent-filter>
78        </service>
79
80        <activity
80-->[com.google.firebase:firebase-auth:24.1.0] AndroidManifest.xml:29:9-46:20
81            android:name="com.google.firebase.auth.internal.GenericIdpActivity"
81-->[com.google.firebase:firebase-auth:24.1.0] AndroidManifest.xml:30:13-80
82            android:excludeFromRecents="true"
82-->[com.google.firebase:firebase-auth:24.1.0] AndroidManifest.xml:31:13-46
83            android:exported="true"
83-->[com.google.firebase:firebase-auth:24.1.0] AndroidManifest.xml:32:13-36
84            android:launchMode="singleTask"
84-->[com.google.firebase:firebase-auth:24.1.0] AndroidManifest.xml:33:13-44
85            android:theme="@android:style/Theme.Translucent.NoTitleBar" >
85-->[com.google.firebase:firebase-auth:24.1.0] AndroidManifest.xml:34:13-72
86            <intent-filter>
86-->[com.google.firebase:firebase-auth:24.1.0] AndroidManifest.xml:35:13-45:29
87                <action android:name="android.intent.action.VIEW" />
87-->[com.google.firebase:firebase-auth:24.1.0] AndroidManifest.xml:36:17-69
87-->[com.google.firebase:firebase-auth:24.1.0] AndroidManifest.xml:36:25-66
88
89                <category android:name="android.intent.category.DEFAULT" />
89-->[com.google.firebase:firebase-auth:24.1.0] AndroidManifest.xml:38:17-76
89-->[com.google.firebase:firebase-auth:24.1.0] AndroidManifest.xml:38:27-73
90                <category android:name="android.intent.category.BROWSABLE" />
90-->[com.google.firebase:firebase-auth:24.1.0] AndroidManifest.xml:39:17-78
90-->[com.google.firebase:firebase-auth:24.1.0] AndroidManifest.xml:39:27-75
91
92                <data
92-->[com.google.firebase:firebase-auth:24.1.0] AndroidManifest.xml:41:17-44:51
93                    android:host="firebase.auth"
93-->[com.google.firebase:firebase-auth:24.1.0] AndroidManifest.xml:42:21-49
94                    android:path="/"
94-->[com.google.firebase:firebase-auth:24.1.0] AndroidManifest.xml:43:21-37
95                    android:scheme="genericidp" />
95-->[com.google.firebase:firebase-auth:24.1.0] AndroidManifest.xml:44:21-48
96            </intent-filter>
97        </activity>
98        <activity
98-->[com.google.firebase:firebase-auth:24.1.0] AndroidManifest.xml:47:9-64:20
99            android:name="com.google.firebase.auth.internal.RecaptchaActivity"
99-->[com.google.firebase:firebase-auth:24.1.0] AndroidManifest.xml:48:13-79
100            android:excludeFromRecents="true"
100-->[com.google.firebase:firebase-auth:24.1.0] AndroidManifest.xml:49:13-46
101            android:exported="true"
101-->[com.google.firebase:firebase-auth:24.1.0] AndroidManifest.xml:50:13-36
102            android:launchMode="singleTask"
102-->[com.google.firebase:firebase-auth:24.1.0] AndroidManifest.xml:51:13-44
103            android:theme="@android:style/Theme.Translucent.NoTitleBar" >
103-->[com.google.firebase:firebase-auth:24.1.0] AndroidManifest.xml:52:13-72
104            <intent-filter>
104-->[com.google.firebase:firebase-auth:24.1.0] AndroidManifest.xml:53:13-63:29
105                <action android:name="android.intent.action.VIEW" />
105-->[com.google.firebase:firebase-auth:24.1.0] AndroidManifest.xml:36:17-69
105-->[com.google.firebase:firebase-auth:24.1.0] AndroidManifest.xml:36:25-66
106
107                <category android:name="android.intent.category.DEFAULT" />
107-->[com.google.firebase:firebase-auth:24.1.0] AndroidManifest.xml:38:17-76
107-->[com.google.firebase:firebase-auth:24.1.0] AndroidManifest.xml:38:27-73
108                <category android:name="android.intent.category.BROWSABLE" />
108-->[com.google.firebase:firebase-auth:24.1.0] AndroidManifest.xml:39:17-78
108-->[com.google.firebase:firebase-auth:24.1.0] AndroidManifest.xml:39:27-75
109
110                <data
110-->[com.google.firebase:firebase-auth:24.1.0] AndroidManifest.xml:41:17-44:51
111                    android:host="firebase.auth"
111-->[com.google.firebase:firebase-auth:24.1.0] AndroidManifest.xml:42:21-49
112                    android:path="/"
112-->[com.google.firebase:firebase-auth:24.1.0] AndroidManifest.xml:43:21-37
113                    android:scheme="recaptcha" />
113-->[com.google.firebase:firebase-auth:24.1.0] AndroidManifest.xml:44:21-48
114            </intent-filter>
115        </activity>
116
117        <service
117-->[com.google.firebase:firebase-auth:24.1.0] AndroidManifest.xml:66:9-72:19
118            android:name="com.google.firebase.components.ComponentDiscoveryService"
118-->[com.google.firebase:firebase-auth:24.1.0] AndroidManifest.xml:67:13-84
119            android:directBootAware="true"
119-->[com.google.firebase:firebase-common:22.0.1] AndroidManifest.xml:32:13-43
120            android:exported="false" >
120-->[com.google.firebase:firebase-auth:24.1.0] AndroidManifest.xml:68:13-37
121            <meta-data
121-->[com.google.firebase:firebase-auth:24.1.0] AndroidManifest.xml:69:13-71:85
122                android:name="com.google.firebase.components:com.google.firebase.auth.FirebaseAuthRegistrar"
122-->[com.google.firebase:firebase-auth:24.1.0] AndroidManifest.xml:70:17-109
123                android:value="com.google.firebase.components.ComponentRegistrar" />
123-->[com.google.firebase:firebase-auth:24.1.0] AndroidManifest.xml:71:17-82
124            <meta-data
124-->[com.google.firebase:firebase-messaging:25.0.2] AndroidManifest.xml:57:13-59:85
125                android:name="com.google.firebase.components:com.google.firebase.messaging.FirebaseMessagingKtxRegistrar"
125-->[com.google.firebase:firebase-messaging:25.0.2] AndroidManifest.xml:58:17-122
126                android:value="com.google.firebase.components.ComponentRegistrar" />
126-->[com.google.firebase:firebase-messaging:25.0.2] AndroidManifest.xml:59:17-82
127            <meta-data
127-->[com.google.firebase:firebase-messaging:25.0.2] AndroidManifest.xml:60:13-62:85
128                android:name="com.google.firebase.components:com.google.firebase.messaging.FirebaseMessagingRegistrar"
128-->[com.google.firebase:firebase-messaging:25.0.2] AndroidManifest.xml:61:17-119
129                android:value="com.google.firebase.components.ComponentRegistrar" />
129-->[com.google.firebase:firebase-messaging:25.0.2] AndroidManifest.xml:62:17-82
130            <meta-data
130-->[com.google.android.gms:play-services-measurement-api:23.2.0] AndroidManifest.xml:33:13-35:85
131                android:name="com.google.firebase.components:com.google.firebase.analytics.connector.internal.AnalyticsConnectorRegistrar"
131-->[com.google.android.gms:play-services-measurement-api:23.2.0] AndroidManifest.xml:34:17-139
132                android:value="com.google.firebase.components.ComponentRegistrar" />
132-->[com.google.android.gms:play-services-measurement-api:23.2.0] AndroidManifest.xml:35:17-82
133            <meta-data
133-->[com.google.firebase:firebase-installations:19.1.0] AndroidManifest.xml:15:13-17:85
134                android:name="com.google.firebase.components:com.google.firebase.installations.FirebaseInstallationsKtxRegistrar"
134-->[com.google.firebase:firebase-installations:19.1.0] AndroidManifest.xml:16:17-130
135                android:value="com.google.firebase.components.ComponentRegistrar" />
135-->[com.google.firebase:firebase-installations:19.1.0] AndroidManifest.xml:17:17-82
136            <meta-data
136-->[com.google.firebase:firebase-installations:19.1.0] AndroidManifest.xml:18:13-20:85
137                android:name="com.google.firebase.components:com.google.firebase.installations.FirebaseInstallationsRegistrar"
137-->[com.google.firebase:firebase-installations:19.1.0] AndroidManifest.xml:19:17-127
138                android:value="com.google.firebase.components.ComponentRegistrar" />
138-->[com.google.firebase:firebase-installations:19.1.0] AndroidManifest.xml:20:17-82
139            <meta-data
139-->[com.google.firebase:firebase-common:22.0.1] AndroidManifest.xml:35:13-37:85
140                android:name="com.google.firebase.components:com.google.firebase.FirebaseCommonKtxRegistrar"
140-->[com.google.firebase:firebase-common:22.0.1] AndroidManifest.xml:36:17-109
141                android:value="com.google.firebase.components.ComponentRegistrar" />
141-->[com.google.firebase:firebase-common:22.0.1] AndroidManifest.xml:37:17-82
142            <meta-data
142-->[com.google.firebase:firebase-datatransport:18.2.0] AndroidManifest.xml:25:13-27:85
143                android:name="com.google.firebase.components:com.google.firebase.datatransport.TransportRegistrar"
143-->[com.google.firebase:firebase-datatransport:18.2.0] AndroidManifest.xml:26:17-115
144                android:value="com.google.firebase.components.ComponentRegistrar" />
144-->[com.google.firebase:firebase-datatransport:18.2.0] AndroidManifest.xml:27:17-82
145        </service>
146
147        <receiver
147-->[com.google.firebase:firebase-messaging:25.0.2] AndroidManifest.xml:29:9-40:20
148            android:name="com.google.firebase.iid.FirebaseInstanceIdReceiver"
148-->[com.google.firebase:firebase-messaging:25.0.2] AndroidManifest.xml:30:13-78
149            android:exported="true"
149-->[com.google.firebase:firebase-messaging:25.0.2] AndroidManifest.xml:31:13-36
150            android:permission="com.google.android.c2dm.permission.SEND" >
150-->[com.google.firebase:firebase-messaging:25.0.2] AndroidManifest.xml:32:13-73
151            <intent-filter>
151-->[com.google.firebase:firebase-messaging:25.0.2] AndroidManifest.xml:33:13-35:29
152                <action android:name="com.google.android.c2dm.intent.RECEIVE" />
152-->[com.google.firebase:firebase-messaging:25.0.2] AndroidManifest.xml:34:17-81
152-->[com.google.firebase:firebase-messaging:25.0.2] AndroidManifest.xml:34:25-78
153            </intent-filter>
154
155            <meta-data
155-->[com.google.firebase:firebase-messaging:25.0.2] AndroidManifest.xml:37:13-39:40
156                android:name="com.google.android.gms.cloudmessaging.FINISHED_AFTER_HANDLED"
156-->[com.google.firebase:firebase-messaging:25.0.2] AndroidManifest.xml:38:17-92
157                android:value="true" />
157-->[com.google.firebase:firebase-messaging:25.0.2] AndroidManifest.xml:39:17-37
158        </receiver>
159        <!--
160             FirebaseMessagingService performs security checks at runtime,
161             but set to not exported to explicitly avoid allowing another app to call it.
162        -->
163        <service
163-->[com.google.firebase:firebase-messaging:25.0.2] AndroidManifest.xml:46:9-53:19
164            android:name="com.google.firebase.messaging.FirebaseMessagingService"
164-->[com.google.firebase:firebase-messaging:25.0.2] AndroidManifest.xml:47:13-82
165            android:directBootAware="true"
165-->[com.google.firebase:firebase-messaging:25.0.2] AndroidManifest.xml:48:13-43
166            android:exported="false" >
166-->[com.google.firebase:firebase-messaging:25.0.2] AndroidManifest.xml:49:13-37
167            <intent-filter android:priority="-500" >
167-->src\main\AndroidManifest.xml:16:13-18:29
168                <action android:name="com.google.firebase.MESSAGING_EVENT" />
168-->src\main\AndroidManifest.xml:17:17-78
168-->src\main\AndroidManifest.xml:17:25-75
169            </intent-filter>
170        </service>
171
172        <provider
172-->[com.google.firebase:firebase-common:22.0.1] AndroidManifest.xml:23:9-28:39
173            android:name="com.google.firebase.provider.FirebaseInitProvider"
173-->[com.google.firebase:firebase-common:22.0.1] AndroidManifest.xml:24:13-77
174            android:authorities="com.bazarlink.shopkeeper.firebaseinitprovider"
174-->[com.google.firebase:firebase-common:22.0.1] AndroidManifest.xml:25:13-72
175            android:directBootAware="true"
175-->[com.google.firebase:firebase-common:22.0.1] AndroidManifest.xml:26:13-43
176            android:exported="false"
176-->[com.google.firebase:firebase-common:22.0.1] AndroidManifest.xml:27:13-37
177            android:initOrder="100" />
177-->[com.google.firebase:firebase-common:22.0.1] AndroidManifest.xml:28:13-36
178
179        <service
179-->[com.google.android.gms:play-services-mlkit-barcode-scanning:18.3.1] AndroidManifest.xml:9:9-15:19
180            android:name="com.google.mlkit.common.internal.MlKitComponentDiscoveryService"
180-->[com.google.android.gms:play-services-mlkit-barcode-scanning:18.3.1] AndroidManifest.xml:10:13-91
181            android:directBootAware="true"
181-->[com.google.mlkit:common:18.11.0] AndroidManifest.xml:17:13-43
182            android:exported="false" >
182-->[com.google.android.gms:play-services-mlkit-barcode-scanning:18.3.1] AndroidManifest.xml:11:13-37
183            <meta-data
183-->[com.google.android.gms:play-services-mlkit-barcode-scanning:18.3.1] AndroidManifest.xml:12:13-14:85
184                android:name="com.google.firebase.components:com.google.mlkit.vision.barcode.internal.BarcodeRegistrar"
184-->[com.google.android.gms:play-services-mlkit-barcode-scanning:18.3.1] AndroidManifest.xml:13:17-120
185                android:value="com.google.firebase.components.ComponentRegistrar" />
185-->[com.google.android.gms:play-services-mlkit-barcode-scanning:18.3.1] AndroidManifest.xml:14:17-82
186            <meta-data
186-->[com.google.android.gms:play-services-mlkit-text-recognition-common:19.1.0] AndroidManifest.xml:12:13-14:85
187                android:name="com.google.firebase.components:com.google.mlkit.vision.text.internal.TextRegistrar"
187-->[com.google.android.gms:play-services-mlkit-text-recognition-common:19.1.0] AndroidManifest.xml:13:17-114
188                android:value="com.google.firebase.components.ComponentRegistrar" />
188-->[com.google.android.gms:play-services-mlkit-text-recognition-common:19.1.0] AndroidManifest.xml:14:17-82
189            <meta-data
189-->[com.google.mlkit:vision-common:17.3.0] AndroidManifest.xml:12:13-14:85
190                android:name="com.google.firebase.components:com.google.mlkit.vision.common.internal.VisionCommonRegistrar"
190-->[com.google.mlkit:vision-common:17.3.0] AndroidManifest.xml:13:17-124
191                android:value="com.google.firebase.components.ComponentRegistrar" />
191-->[com.google.mlkit:vision-common:17.3.0] AndroidManifest.xml:14:17-82
192            <meta-data
192-->[com.google.mlkit:common:18.11.0] AndroidManifest.xml:20:13-22:85
193                android:name="com.google.firebase.components:com.google.mlkit.common.internal.CommonComponentRegistrar"
193-->[com.google.mlkit:common:18.11.0] AndroidManifest.xml:21:17-120
194                android:value="com.google.firebase.components.ComponentRegistrar" />
194-->[com.google.mlkit:common:18.11.0] AndroidManifest.xml:22:17-82
195        </service>
196
197        <provider
197-->[com.google.mlkit:common:18.11.0] AndroidManifest.xml:9:9-13:38
198            android:name="com.google.mlkit.common.internal.MlKitInitProvider"
198-->[com.google.mlkit:common:18.11.0] AndroidManifest.xml:10:13-78
199            android:authorities="com.bazarlink.shopkeeper.mlkitinitprovider"
199-->[com.google.mlkit:common:18.11.0] AndroidManifest.xml:11:13-69
200            android:exported="false"
200-->[com.google.mlkit:common:18.11.0] AndroidManifest.xml:12:13-37
201            android:initOrder="99" />
201-->[com.google.mlkit:common:18.11.0] AndroidManifest.xml:13:13-35
202
203        <service
203-->[com.google.android.datatransport:transport-backend-cct:3.1.9] AndroidManifest.xml:28:9-34:19
204            android:name="com.google.android.datatransport.runtime.backends.TransportBackendDiscovery"
204-->[com.google.android.datatransport:transport-backend-cct:3.1.9] AndroidManifest.xml:29:13-103
205            android:exported="false" >
205-->[com.google.android.datatransport:transport-backend-cct:3.1.9] AndroidManifest.xml:30:13-37
206            <meta-data
206-->[com.google.android.datatransport:transport-backend-cct:3.1.9] AndroidManifest.xml:31:13-33:39
207                android:name="backend:com.google.android.datatransport.cct.CctBackendFactory"
207-->[com.google.android.datatransport:transport-backend-cct:3.1.9] AndroidManifest.xml:32:17-94
208                android:value="cct" />
208-->[com.google.android.datatransport:transport-backend-cct:3.1.9] AndroidManifest.xml:33:17-36
209        </service>
210        <service
210-->[com.google.android.datatransport:transport-runtime:3.1.9] AndroidManifest.xml:26:9-30:19
211            android:name="com.google.android.datatransport.runtime.scheduling.jobscheduling.JobInfoSchedulerService"
211-->[com.google.android.datatransport:transport-runtime:3.1.9] AndroidManifest.xml:27:13-117
212            android:exported="false"
212-->[com.google.android.datatransport:transport-runtime:3.1.9] AndroidManifest.xml:28:13-37
213            android:permission="android.permission.BIND_JOB_SERVICE" >
213-->[com.google.android.datatransport:transport-runtime:3.1.9] AndroidManifest.xml:29:13-69
214        </service>
215
216        <receiver
216-->[com.google.android.datatransport:transport-runtime:3.1.9] AndroidManifest.xml:32:9-34:40
217            android:name="com.google.android.datatransport.runtime.scheduling.jobscheduling.AlarmManagerSchedulerBroadcastReceiver"
217-->[com.google.android.datatransport:transport-runtime:3.1.9] AndroidManifest.xml:33:13-132
218            android:exported="false" />
218-->[com.google.android.datatransport:transport-runtime:3.1.9] AndroidManifest.xml:34:13-37
219        <!--
220        Service for holding metadata. Cannot be instantiated.
221        Metadata will be merged from other manifests.
222        -->
223        <service
223-->[androidx.camera:camera-core:1.4.1] AndroidManifest.xml:29:9-33:78
224            android:name="androidx.camera.core.impl.MetadataHolderService"
224-->[androidx.camera:camera-core:1.4.1] AndroidManifest.xml:30:13-75
225            android:enabled="false"
225-->[androidx.camera:camera-core:1.4.1] AndroidManifest.xml:31:13-36
226            android:exported="false" >
226-->[androidx.camera:camera-core:1.4.1] AndroidManifest.xml:32:13-37
227            <meta-data
227-->[androidx.camera:camera-camera2:1.4.1] AndroidManifest.xml:30:13-32:89
228                android:name="androidx.camera.core.impl.MetadataHolderService.DEFAULT_CONFIG_PROVIDER"
228-->[androidx.camera:camera-camera2:1.4.1] AndroidManifest.xml:31:17-103
229                android:value="androidx.camera.camera2.Camera2Config$DefaultProvider" />
229-->[androidx.camera:camera-camera2:1.4.1] AndroidManifest.xml:32:17-86
230        </service>
231        <service
231-->[androidx.room:room-runtime:2.6.1] AndroidManifest.xml:24:9-28:63
232            android:name="androidx.room.MultiInstanceInvalidationService"
232-->[androidx.room:room-runtime:2.6.1] AndroidManifest.xml:25:13-74
233            android:directBootAware="true"
233-->[androidx.room:room-runtime:2.6.1] AndroidManifest.xml:26:13-43
234            android:exported="false" />
234-->[androidx.room:room-runtime:2.6.1] AndroidManifest.xml:27:13-37
235        <service
235-->[androidx.credentials:credentials-play-services-auth:1.2.0-rc01] AndroidManifest.xml:24:9-32:19
236            android:name="androidx.credentials.playservices.CredentialProviderMetadataHolder"
236-->[androidx.credentials:credentials-play-services-auth:1.2.0-rc01] AndroidManifest.xml:25:13-94
237            android:enabled="true"
237-->[androidx.credentials:credentials-play-services-auth:1.2.0-rc01] AndroidManifest.xml:26:13-35
238            android:exported="false" >
238-->[androidx.credentials:credentials-play-services-auth:1.2.0-rc01] AndroidManifest.xml:27:13-37
239            <meta-data
239-->[androidx.credentials:credentials-play-services-auth:1.2.0-rc01] AndroidManifest.xml:29:13-31:104
240                android:name="androidx.credentials.CREDENTIAL_PROVIDER_KEY"
240-->[androidx.credentials:credentials-play-services-auth:1.2.0-rc01] AndroidManifest.xml:30:17-76
241                android:value="androidx.credentials.playservices.CredentialProviderPlayServicesImpl" />
241-->[androidx.credentials:credentials-play-services-auth:1.2.0-rc01] AndroidManifest.xml:31:17-101
242        </service>
243
244        <activity
244-->[androidx.credentials:credentials-play-services-auth:1.2.0-rc01] AndroidManifest.xml:34:9-41:20
245            android:name="androidx.credentials.playservices.HiddenActivity"
245-->[androidx.credentials:credentials-play-services-auth:1.2.0-rc01] AndroidManifest.xml:35:13-76
246            android:configChanges="orientation|screenSize|screenLayout|keyboardHidden"
246-->[androidx.credentials:credentials-play-services-auth:1.2.0-rc01] AndroidManifest.xml:36:13-87
247            android:enabled="true"
247-->[androidx.credentials:credentials-play-services-auth:1.2.0-rc01] AndroidManifest.xml:37:13-35
248            android:exported="false"
248-->[androidx.credentials:credentials-play-services-auth:1.2.0-rc01] AndroidManifest.xml:38:13-37
249            android:fitsSystemWindows="true"
249-->[androidx.credentials:credentials-play-services-auth:1.2.0-rc01] AndroidManifest.xml:39:13-45
250            android:theme="@style/Theme.Hidden" >
250-->[androidx.credentials:credentials-play-services-auth:1.2.0-rc01] AndroidManifest.xml:40:13-48
251        </activity>
252        <activity
252-->[com.google.android.gms:play-services-auth:21.3.0] AndroidManifest.xml:23:9-27:75
253            android:name="com.google.android.gms.auth.api.signin.internal.SignInHubActivity"
253-->[com.google.android.gms:play-services-auth:21.3.0] AndroidManifest.xml:24:13-93
254            android:excludeFromRecents="true"
254-->[com.google.android.gms:play-services-auth:21.3.0] AndroidManifest.xml:25:13-46
255            android:exported="false"
255-->[com.google.android.gms:play-services-auth:21.3.0] AndroidManifest.xml:26:13-37
256            android:theme="@android:style/Theme.Translucent.NoTitleBar" />
256-->[com.google.android.gms:play-services-auth:21.3.0] AndroidManifest.xml:27:13-72
257        <!--
258            Service handling Google Sign-In user revocation. For apps that do not integrate with
259            Google Sign-In, this service will never be started.
260        -->
261        <service
261-->[com.google.android.gms:play-services-auth:21.3.0] AndroidManifest.xml:33:9-37:51
262            android:name="com.google.android.gms.auth.api.signin.RevocationBoundService"
262-->[com.google.android.gms:play-services-auth:21.3.0] AndroidManifest.xml:34:13-89
263            android:exported="true"
263-->[com.google.android.gms:play-services-auth:21.3.0] AndroidManifest.xml:35:13-36